0 verbose cli /opt/homebrew/Cellar/node@22/22.22.1_3/bin/node /opt/homebrew/Cellar/node@22/22.22.1_3/lib/node_modules/npm/bin/npm-cli.js
1 info using npm@10.9.4
2 info using node@v22.22.1
3 silly config load:file:/opt/homebrew/Cellar/node@22/22.22.1_3/lib/node_modules/npm/npmrc
4 silly config load:file:/Users/allenwang/Library/Mobile Documents/com~apple~CloudDocs/Cursor/高考分析/.npmrc
5 silly config load:file:/Users/allenwang/.npmrc
6 silly config load:file:/opt/homebrew/etc/npmrc
7 verbose title npm exec create-next-app@latest . --ts --tailwind --eslint --app --use-npm --yes
8 verbose argv "exec" "--" "create-next-app@latest" "." "--ts" "--tailwind" "--eslint" "--app" "--use-npm" "--yes"
9 verbose logfile logs-max:10 dir:/Users/allenwang/Library/Mobile Documents/com~apple~CloudDocs/Cursor/高考分析/.npm-cache/_logs/2026-04-17T02_36_32_433Z-
10 verbose logfile /Users/allenwang/Library/Mobile Documents/com~apple~CloudDocs/Cursor/高考分析/.npm-cache/_logs/2026-04-17T02_36_32_433Z-debug-0.log
11 silly logfile done cleaning log files
12 silly packumentCache heap:4345298944 maxSize:1086324736 maxEntrySize:543162368
13 http fetch GET 200 https://registry.npmjs.org/create-next-app 2379ms (cache miss)
14 silly packumentCache heap:4345298944 maxSize:1086324736 maxEntrySize:543162368
15 silly packumentCache heap:4345298944 maxSize:1086324736 maxEntrySize:543162368
16 warn exec The following package was not found and will be installed: create-next-app@16.2.4
17 silly idealTree buildDeps
18 silly fetch manifest create-next-app@16.2.4
19 silly packumentCache full:https://registry.npmjs.org/create-next-app cache-miss
20 http fetch GET 200 https://registry.npmjs.org/create-next-app 619ms (cache miss)
21 silly packumentCache full:https://registry.npmjs.org/create-next-app set size:undefined disposed:false
22 silly placeDep ROOT create-next-app@16.2.4 OK for:  want: 16.2.4
23 silly reify moves {}
24 silly audit bulk request { 'create-next-app': [ '16.2.4' ] }
25 http cache create-next-app@https://registry.npmjs.org/create-next-app/-/create-next-app-16.2.4.tgz 1ms (cache hit)
26 silly tarball no local data for create-next-app@https://registry.npmjs.org/create-next-app/-/create-next-app-16.2.4.tgz. Extracting by manifest.
27 http fetch POST 200 https://registry.npmjs.org/-/npm/v1/security/advisories/bulk 276ms
28 silly audit report {}
29 http fetch GET 200 https://registry.npmjs.org/npm 3986ms
30 http fetch GET 200 https://registry.npmjs.org/create-next-app/-/create-next-app-16.2.4.tgz 1321ms (cache miss)
31 verbose cwd /Users/allenwang/Library/Mobile Documents/com~apple~CloudDocs/Cursor/高考分析
32 verbose os Darwin 24.5.0
33 verbose node v22.22.1
34 verbose npm  v10.9.4
35 notice
35 notice New major version of npm available! 10.9.4 -> 11.12.1
35 notice Changelog: https://github.com/npm/cli/releases/tag/v11.12.1
35 notice To update run: npm install -g npm@11.12.1
35 notice  { force: true, [Symbol(proc-log.meta)]: true }
36 verbose exit 0
37 info ok
